2025-03-12 17:52:48,975 | INFO | Config | Modo de execução: DEBUG
2025-03-12 17:52:48,976 | DEBUG | Carregar Lista | Tentando carregar dados do arquivo: C:\Users\tutas\Documents\Projetos GitHUB\estudo-flask\listaprodutos\listaprodutos.json
2025-03-12 17:52:48,977 | DEBUG | Carregar Lista | Tentando carregar dados do arquivo: C:\Users\tutas\Documents\Projetos GitHUB\estudo-flask\listaprodutos\listaprodutos.json
2025-03-12 17:52:49,354 | INFO | Config | Modo de execução: DEBUG
2025-03-12 17:52:49,354 | DEBUG | Carregar Lista | Tentando carregar dados do arquivo: C:\Users\tutas\Documents\Projetos GitHUB\estudo-flask\listaprodutos\listaprodutos.json
2025-03-12 17:52:49,358 | DEBUG | Carregar Lista | Tentando carregar dados do arquivo: C:\Users\tutas\Documents\Projetos GitHUB\estudo-flask\listaprodutos\listaprodutos.json
2025-03-12 17:52:53,782 | INFO | route log | Página principal acessada.
2025-03-12 17:52:58,825 | INFO | route log | Requisição GET para listar produtos.
2025-03-13 10:12:40,594 | INFO | Config | Modo de execução: DEBUG
2025-03-13 10:12:40,595 | DEBUG | Carregar Lista | Tentando carregar dados do arquivo: C:\Users\tutas\Documents\Projetos GitHUB\estudo-flask\listaprodutos\listaprodutos.json
2025-03-13 10:12:40,596 | DEBUG | Carregar Lista | Tentando carregar dados do arquivo: C:\Users\tutas\Documents\Projetos GitHUB\estudo-flask\listaprodutos\listaprodutos.json
2025-03-13 10:12:40,997 | INFO | Config | Modo de execução: DEBUG
2025-03-13 10:12:40,998 | DEBUG | Carregar Lista | Tentando carregar dados do arquivo: C:\Users\tutas\Documents\Projetos GitHUB\estudo-flask\listaprodutos\listaprodutos.json
2025-03-13 10:12:40,998 | DEBUG | Carregar Lista | Tentando carregar dados do arquivo: C:\Users\tutas\Documents\Projetos GitHUB\estudo-flask\listaprodutos\listaprodutos.json
2025-03-13 10:13:05,838 | INFO | Config | Modo de execução: DEBUG
2025-03-13 10:13:15,755 | INFO | Config | Modo de execução: DEBUG
2025-03-13 10:13:15,756 | DEBUG | Carregar Lista | Tentando carregar dados do arquivo: C:\Users\tutas\Documents\Projetos GitHUB\estudo-flask\listaprodutos\listaprodutos.json
2025-03-13 10:13:15,757 | DEBUG | Carregar Lista | Tentando carregar dados do arquivo: C:\Users\tutas\Documents\Projetos GitHUB\estudo-flask\listaprodutos\listaprodutos.json
2025-03-13 10:13:16,110 | INFO | Config | Modo de execução: DEBUG
2025-03-13 10:13:16,111 | DEBUG | Carregar Lista | Tentando carregar dados do arquivo: C:\Users\tutas\Documents\Projetos GitHUB\estudo-flask\listaprodutos\listaprodutos.json
2025-03-13 10:13:16,111 | DEBUG | Carregar Lista | Tentando carregar dados do arquivo: C:\Users\tutas\Documents\Projetos GitHUB\estudo-flask\listaprodutos\listaprodutos.json
2025-03-13 10:13:25,813 | INFO | route log | Página principal acessada.
2025-03-13 10:19:23,713 | INFO | Config | Modo de execução: DEBUG
2025-03-13 10:19:23,714 | DEBUG | Carregar Lista | Tentando carregar dados do arquivo: C:\Users\tutas\Documents\Projetos GitHUB\estudo-flask\listaprodutos\listaprodutos.json
2025-03-13 10:19:23,714 | DEBUG | Carregar Lista | Tentando carregar dados do arquivo: C:\Users\tutas\Documents\Projetos GitHUB\estudo-flask\listaprodutos\listaprodutos.json
2025-03-13 10:19:24,058 | INFO | Config | Modo de execução: DEBUG
2025-03-13 10:19:24,059 | DEBUG | Carregar Lista | Tentando carregar dados do arquivo: C:\Users\tutas\Documents\Projetos GitHUB\estudo-flask\listaprodutos\listaprodutos.json
2025-03-13 10:19:24,059 | DEBUG | Carregar Lista | Tentando carregar dados do arquivo: C:\Users\tutas\Documents\Projetos GitHUB\estudo-flask\listaprodutos\listaprodutos.json
2025-03-13 10:19:49,328 | INFO | Config | Modo de execução: DEBUG
2025-03-13 10:19:49,329 | DEBUG | Carregar Lista | Tentando carregar dados do arquivo: C:\Users\tutas\Documents\Projetos GitHUB\estudo-flask\listaprodutos\listaprodutos.json
2025-03-13 10:19:49,331 | DEBUG | Carregar Lista | Tentando carregar dados do arquivo: C:\Users\tutas\Documents\Projetos GitHUB\estudo-flask\listaprodutos\listaprodutos.json
2025-03-13 10:19:49,701 | INFO | Config | Modo de execução: DEBUG
2025-03-13 10:19:49,702 | DEBUG | Carregar Lista | Tentando carregar dados do arquivo: C:\Users\tutas\Documents\Projetos GitHUB\estudo-flask\listaprodutos\listaprodutos.json
2025-03-13 10:19:49,703 | DEBUG | Carregar Lista | Tentando carregar dados do arquivo: C:\Users\tutas\Documents\Projetos GitHUB\estudo-flask\listaprodutos\listaprodutos.json
2025-03-13 10:22:56,743 | INFO | Config | Modo de execução: DEBUG
2025-03-13 10:22:56,744 | DEBUG | Carregar Lista | Tentando carregar dados do arquivo: C:\Users\tutas\Documents\Projetos GitHUB\estudo-flask\listaprodutos\listaprodutos.json
2025-03-13 10:22:56,746 | INFO | Carregar Lista | Backup criado com sucesso: C:\Users\tutas\Documents\Projetos GitHUB\estudo-flask\listaprodutos\listaprodutos_backup.json
2025-03-13 10:22:56,746 | DEBUG | Carregar Lista | Tentando carregar dados do arquivo: C:\Users\tutas\Documents\Projetos GitHUB\estudo-flask\listaprodutos\listaprodutos.json
2025-03-13 10:22:56,747 | INFO | Carregar Lista | Backup criado com sucesso: C:\Users\tutas\Documents\Projetos GitHUB\estudo-flask\listaprodutos\listaprodutos_backup.json
2025-03-13 10:22:57,102 | INFO | Config | Modo de execução: DEBUG
2025-03-13 10:22:57,103 | DEBUG | Carregar Lista | Tentando carregar dados do arquivo: C:\Users\tutas\Documents\Projetos GitHUB\estudo-flask\listaprodutos\listaprodutos.json
2025-03-13 10:22:57,105 | INFO | Carregar Lista | Backup criado com sucesso: C:\Users\tutas\Documents\Projetos GitHUB\estudo-flask\listaprodutos\listaprodutos_backup.json
2025-03-13 10:22:57,105 | DEBUG | Carregar Lista | Tentando carregar dados do arquivo: C:\Users\tutas\Documents\Projetos GitHUB\estudo-flask\listaprodutos\listaprodutos.json
2025-03-13 10:22:57,106 | INFO | Carregar Lista | Backup criado com sucesso: C:\Users\tutas\Documents\Projetos GitHUB\estudo-flask\listaprodutos\listaprodutos_backup.json
2025-03-13 10:56:21,855 | INFO | Config | Modo de execução: DEBUG
2025-03-13 10:56:21,856 | DEBUG | Carregar Lista | Tentando carregar dados do arquivo: C:\Users\tutas\Documents\Projetos GitHUB\estudo-flask\listaprodutos\listaprodutos.json
2025-03-13 10:56:21,857 | INFO | Carregar Lista | Backup criado com sucesso: C:\Users\tutas\Documents\Projetos GitHUB\estudo-flask\listaprodutos\listaprodutos_backup.json
2025-03-13 10:56:21,857 | DEBUG | Carregar Lista | Tentando carregar dados do arquivo: C:\Users\tutas\Documents\Projetos GitHUB\estudo-flask\listaprodutos\listaprodutos.json
2025-03-13 10:56:21,859 | INFO | Carregar Lista | Backup criado com sucesso: C:\Users\tutas\Documents\Projetos GitHUB\estudo-flask\listaprodutos\listaprodutos_backup.json
2025-03-13 10:56:22,203 | INFO | Config | Modo de execução: DEBUG
2025-03-13 10:56:22,203 | DEBUG | Carregar Lista | Tentando carregar dados do arquivo: C:\Users\tutas\Documents\Projetos GitHUB\estudo-flask\listaprodutos\listaprodutos.json
2025-03-13 10:56:22,204 | INFO | Carregar Lista | Backup criado com sucesso: C:\Users\tutas\Documents\Projetos GitHUB\estudo-flask\listaprodutos\listaprodutos_backup.json
2025-03-13 10:56:22,204 | DEBUG | Carregar Lista | Tentando carregar dados do arquivo: C:\Users\tutas\Documents\Projetos GitHUB\estudo-flask\listaprodutos\listaprodutos.json
2025-03-13 10:56:22,206 | INFO | Carregar Lista | Backup criado com sucesso: C:\Users\tutas\Documents\Projetos GitHUB\estudo-flask\listaprodutos\listaprodutos_backup.json
2025-03-13 10:56:23,786 | INFO | route log | Página principal acessada.
2025-03-13 10:58:06,909 | INFO | Config | Modo de execução: DEBUG
2025-03-13 10:58:06,910 | DEBUG | Carregar Lista | Tentando carregar dados do arquivo: C:\Users\tutas\Documents\Projetos GitHUB\estudo-flask\listaprodutos\listaprodutos.json
2025-03-13 10:58:06,911 | INFO | Carregar Lista | Backup criado com sucesso: C:\Users\tutas\Documents\Projetos GitHUB\estudo-flask\listaprodutos\listaprodutos_backup.json
2025-03-13 10:58:06,911 | DEBUG | Carregar Lista | Tentando carregar dados do arquivo: C:\Users\tutas\Documents\Projetos GitHUB\estudo-flask\listaprodutos\listaprodutos.json
2025-03-13 10:58:06,912 | INFO | Carregar Lista | Backup criado com sucesso: C:\Users\tutas\Documents\Projetos GitHUB\estudo-flask\listaprodutos\listaprodutos_backup.json
2025-03-13 10:58:07,284 | INFO | Config | Modo de execução: DEBUG
2025-03-13 10:58:07,284 | DEBUG | Carregar Lista | Tentando carregar dados do arquivo: C:\Users\tutas\Documents\Projetos GitHUB\estudo-flask\listaprodutos\listaprodutos.json
2025-03-13 10:58:07,285 | INFO | Carregar Lista | Backup criado com sucesso: C:\Users\tutas\Documents\Projetos GitHUB\estudo-flask\listaprodutos\listaprodutos_backup.json
2025-03-13 10:58:07,285 | DEBUG | Carregar Lista | Tentando carregar dados do arquivo: C:\Users\tutas\Documents\Projetos GitHUB\estudo-flask\listaprodutos\listaprodutos.json
2025-03-13 10:58:07,286 | INFO | Carregar Lista | Backup criado com sucesso: C:\Users\tutas\Documents\Projetos GitHUB\estudo-flask\listaprodutos\listaprodutos_backup.json
2025-03-13 10:58:08,562 | INFO | route log | Página principal acessada.
2025-03-13 10:58:24,980 | INFO | Config | Modo de execução: DEBUG
2025-03-13 10:58:24,980 | DEBUG | Carregar Lista | Tentando carregar dados do arquivo: C:\Users\tutas\Documents\Projetos GitHUB\estudo-flask\listaprodutos\listaprodutos.json
2025-03-13 10:58:24,981 | INFO | Carregar Lista | Backup criado com sucesso: C:\Users\tutas\Documents\Projetos GitHUB\estudo-flask\listaprodutos\listaprodutos_backup.json
2025-03-13 10:58:24,983 | DEBUG | Carregar Lista | Tentando carregar dados do arquivo: C:\Users\tutas\Documents\Projetos GitHUB\estudo-flask\listaprodutos\listaprodutos.json
2025-03-13 10:58:24,984 | INFO | Carregar Lista | Backup criado com sucesso: C:\Users\tutas\Documents\Projetos GitHUB\estudo-flask\listaprodutos\listaprodutos_backup.json
2025-03-13 10:58:26,434 | INFO | Config | Modo de execução: DEBUG
2025-03-13 10:58:26,434 | DEBUG | Carregar Lista | Tentando carregar dados do arquivo: C:\Users\tutas\Documents\Projetos GitHUB\estudo-flask\listaprodutos\listaprodutos.json
2025-03-13 10:58:26,436 | INFO | Carregar Lista | Backup criado com sucesso: C:\Users\tutas\Documents\Projetos GitHUB\estudo-flask\listaprodutos\listaprodutos_backup.json
2025-03-13 10:58:26,436 | DEBUG | Carregar Lista | Tentando carregar dados do arquivo: C:\Users\tutas\Documents\Projetos GitHUB\estudo-flask\listaprodutos\listaprodutos.json
2025-03-13 10:58:26,437 | INFO | Carregar Lista | Backup criado com sucesso: C:\Users\tutas\Documents\Projetos GitHUB\estudo-flask\listaprodutos\listaprodutos_backup.json
2025-03-13 16:09:15,978 | INFO | Config | Modo de execução: DEBUG
2025-03-13 16:09:15,980 | DEBUG | Carregar Lista | Tentando carregar dados do arquivo: C:\Users\tutas\Documents\Projetos GitHUB\estudo-flask\listaprodutos\listaprodutos.json
2025-03-13 16:09:15,983 | INFO | Carregar Lista | Backup criado com sucesso: C:\Users\tutas\Documents\Projetos GitHUB\estudo-flask\listaprodutos\listaprodutos_backup.json
2025-03-13 16:09:15,984 | DEBUG | Carregar Lista | Tentando carregar dados do arquivo: C:\Users\tutas\Documents\Projetos GitHUB\estudo-flask\listaprodutos\listaprodutos.json
2025-03-13 16:09:15,985 | INFO | Carregar Lista | Backup criado com sucesso: C:\Users\tutas\Documents\Projetos GitHUB\estudo-flask\listaprodutos\listaprodutos_backup.json
2025-03-13 16:09:16,359 | INFO | Config | Modo de execução: DEBUG
2025-03-13 16:09:16,360 | DEBUG | Carregar Lista | Tentando carregar dados do arquivo: C:\Users\tutas\Documents\Projetos GitHUB\estudo-flask\listaprodutos\listaprodutos.json
2025-03-13 16:09:16,361 | INFO | Carregar Lista | Backup criado com sucesso: C:\Users\tutas\Documents\Projetos GitHUB\estudo-flask\listaprodutos\listaprodutos_backup.json
2025-03-13 16:09:16,362 | DEBUG | Carregar Lista | Tentando carregar dados do arquivo: C:\Users\tutas\Documents\Projetos GitHUB\estudo-flask\listaprodutos\listaprodutos.json
2025-03-13 16:09:16,363 | INFO | Carregar Lista | Backup criado com sucesso: C:\Users\tutas\Documents\Projetos GitHUB\estudo-flask\listaprodutos\listaprodutos_backup.json
2025-03-13 16:10:50,649 | INFO | Config | Modo de execução: DEBUG
2025-03-13 16:10:50,650 | DEBUG | Carregar Lista | Tentando carregar dados do arquivo: C:\Users\tutas\Documents\Projetos GitHUB\estudo-flask\listaprodutos\listaprodutos.json
2025-03-13 16:10:50,651 | INFO | Carregar Lista | Backup criado com sucesso: C:\Users\tutas\Documents\Projetos GitHUB\estudo-flask\listaprodutos\listaprodutos_backup.json
2025-03-13 16:10:50,651 | DEBUG | Carregar Lista | Tentando carregar dados do arquivo: C:\Users\tutas\Documents\Projetos GitHUB\estudo-flask\listaprodutos\listaprodutos.json
2025-03-13 16:10:50,653 | INFO | Carregar Lista | Backup criado com sucesso: C:\Users\tutas\Documents\Projetos GitHUB\estudo-flask\listaprodutos\listaprodutos_backup.json
2025-03-13 16:10:58,233 | INFO | Config | Modo de execução: DEBUG
2025-03-13 16:10:58,233 | DEBUG | Carregar Lista | Tentando carregar dados do arquivo: C:\Users\tutas\Documents\Projetos GitHUB\estudo-flask\listaprodutos\listaprodutos.json
2025-03-13 16:10:58,236 | INFO | Carregar Lista | Backup criado com sucesso: C:\Users\tutas\Documents\Projetos GitHUB\estudo-flask\listaprodutos\listaprodutos_backup.json
2025-03-13 16:10:58,236 | DEBUG | Carregar Lista | Tentando carregar dados do arquivo: C:\Users\tutas\Documents\Projetos GitHUB\estudo-flask\listaprodutos\listaprodutos.json
2025-03-13 16:10:58,238 | INFO | Carregar Lista | Backup criado com sucesso: C:\Users\tutas\Documents\Projetos GitHUB\estudo-flask\listaprodutos\listaprodutos_backup.json
2025-03-13 16:12:12,021 | INFO | Config | Modo de execução: DEBUG
2025-03-13 16:12:12,022 | DEBUG | Carregar Lista | Tentando carregar dados do arquivo: C:\Users\tutas\Documents\Projetos GitHUB\estudo-flask\listaprodutos\listaprodutos.json
2025-03-13 16:12:12,023 | INFO | Carregar Lista | Backup criado com sucesso: C:\Users\tutas\Documents\Projetos GitHUB\estudo-flask\listaprodutos\listaprodutos_backup.json
2025-03-13 16:12:12,023 | DEBUG | Carregar Lista | Tentando carregar dados do arquivo: C:\Users\tutas\Documents\Projetos GitHUB\estudo-flask\listaprodutos\listaprodutos.json
2025-03-13 16:12:12,024 | INFO | Carregar Lista | Backup criado com sucesso: C:\Users\tutas\Documents\Projetos GitHUB\estudo-flask\listaprodutos\listaprodutos_backup.json
2025-03-13 16:12:19,592 | INFO | Config | Modo de execução: DEBUG
2025-03-13 16:14:08,276 | INFO | Config | Modo de execução: DEBUG
2025-03-13 16:14:08,277 | DEBUG | Carregar Lista | Tentando carregar dados do arquivo: C:\Users\tutas\Documents\Projetos GitHUB\estudo-flask\listaprodutos\listaprodutos.json
2025-03-13 16:14:08,278 | INFO | Carregar Lista | Backup criado com sucesso: C:\Users\tutas\Documents\Projetos GitHUB\estudo-flask\listaprodutos\listaprodutos_backup.json
2025-03-13 16:14:08,278 | DEBUG | Carregar Lista | Tentando carregar dados do arquivo: C:\Users\tutas\Documents\Projetos GitHUB\estudo-flask\listaprodutos\listaprodutos.json
2025-03-13 16:14:08,279 | INFO | Carregar Lista | Backup criado com sucesso: C:\Users\tutas\Documents\Projetos GitHUB\estudo-flask\listaprodutos\listaprodutos_backup.json
2025-03-13 16:14:08,637 | INFO | Config | Modo de execução: DEBUG
2025-03-13 16:14:08,638 | DEBUG | Carregar Lista | Tentando carregar dados do arquivo: C:\Users\tutas\Documents\Projetos GitHUB\estudo-flask\listaprodutos\listaprodutos.json
2025-03-13 16:14:08,640 | INFO | Carregar Lista | Backup criado com sucesso: C:\Users\tutas\Documents\Projetos GitHUB\estudo-flask\listaprodutos\listaprodutos_backup.json
2025-03-13 16:14:08,640 | DEBUG | Carregar Lista | Tentando carregar dados do arquivo: C:\Users\tutas\Documents\Projetos GitHUB\estudo-flask\listaprodutos\listaprodutos.json
2025-03-13 16:14:08,641 | INFO | Carregar Lista | Backup criado com sucesso: C:\Users\tutas\Documents\Projetos GitHUB\estudo-flask\listaprodutos\listaprodutos_backup.json
2025-03-13 16:18:42,076 | INFO | Config | Modo de execução: DEBUG
2025-03-13 16:18:42,079 | DEBUG | Carregar Lista | Tentando carregar dados do arquivo: C:\Users\tutas\Documents\Projetos GitHUB\estudo-flask\listaprodutos\listaprodutos.json
2025-03-13 16:18:42,080 | INFO | Carregar Lista | Backup criado com sucesso: C:\Users\tutas\Documents\Projetos GitHUB\estudo-flask\listaprodutos\listaprodutos_backup.json
2025-03-13 16:18:42,080 | DEBUG | Carregar Lista | Tentando carregar dados do arquivo: C:\Users\tutas\Documents\Projetos GitHUB\estudo-flask\listaprodutos\listaprodutos.json
2025-03-13 16:18:42,081 | INFO | Carregar Lista | Backup criado com sucesso: C:\Users\tutas\Documents\Projetos GitHUB\estudo-flask\listaprodutos\listaprodutos_backup.json
2025-03-13 16:24:10,643 | INFO | Config | Modo de execução: DEBUG
2025-03-13 16:24:10,646 | DEBUG | Carregar Lista | Tentando carregar dados do arquivo: C:\Users\tutas\Documents\Projetos GitHUB\estudo-flask\listaprodutos\listaprodutos.json
2025-03-13 16:24:10,647 | INFO | Carregar Lista | Backup criado com sucesso: C:\Users\tutas\Documents\Projetos GitHUB\estudo-flask\listaprodutos\listaprodutos_backup.json
2025-03-13 16:24:10,648 | DEBUG | Carregar Lista | Tentando carregar dados do arquivo: C:\Users\tutas\Documents\Projetos GitHUB\estudo-flask\listaprodutos\listaprodutos.json
2025-03-13 16:24:10,649 | INFO | Carregar Lista | Backup criado com sucesso: C:\Users\tutas\Documents\Projetos GitHUB\estudo-flask\listaprodutos\listaprodutos_backup.json
2025-03-13 16:25:30,589 | INFO | Config | Modo de execução: DEBUG
2025-03-13 16:25:30,592 | DEBUG | Carregar Lista | Tentando carregar dados do arquivo: C:\Users\tutas\Documents\Projetos GitHUB\estudo-flask\listaprodutos\listaprodutos.json
2025-03-13 16:25:30,594 | INFO | Carregar Lista | Backup criado com sucesso: C:\Users\tutas\Documents\Projetos GitHUB\estudo-flask\listaprodutos\listaprodutos_backup.json
2025-03-13 16:25:30,594 | DEBUG | Carregar Lista | Tentando carregar dados do arquivo: C:\Users\tutas\Documents\Projetos GitHUB\estudo-flask\listaprodutos\listaprodutos.json
2025-03-13 16:25:30,595 | INFO | Carregar Lista | Backup criado com sucesso: C:\Users\tutas\Documents\Projetos GitHUB\estudo-flask\listaprodutos\listaprodutos_backup.json
2025-03-13 16:33:26,802 | INFO | Config | Modo de execução: DEBUG
2025-03-13 16:33:26,803 | DEBUG | Carregar Lista | Tentando carregar dados do arquivo: C:\Users\tutas\Documents\Projetos GitHUB\estudo-flask\listaprodutos\listaprodutos.json
2025-03-13 16:33:26,805 | INFO | Carregar Lista | Backup criado com sucesso: C:\Users\tutas\Documents\Projetos GitHUB\estudo-flask\listaprodutos\listaprodutos_backup.json
2025-03-13 16:33:26,805 | DEBUG | Carregar Lista | Tentando carregar dados do arquivo: C:\Users\tutas\Documents\Projetos GitHUB\estudo-flask\listaprodutos\listaprodutos.json
2025-03-13 16:33:26,806 | INFO | Carregar Lista | Backup criado com sucesso: C:\Users\tutas\Documents\Projetos GitHUB\estudo-flask\listaprodutos\listaprodutos_backup.json
2025-03-13 16:36:33,854 | INFO | Config | Modo de execução: DEBUG
2025-03-13 16:36:33,856 | DEBUG | Carregar Lista | Tentando carregar dados do arquivo: C:\Users\tutas\Documents\Projetos GitHUB\estudo-flask\listaprodutos\listaprodutos.json
2025-03-13 16:36:33,857 | INFO | Carregar Lista | Backup criado com sucesso: C:\Users\tutas\Documents\Projetos GitHUB\estudo-flask\listaprodutos\listaprodutos_backup.json
2025-03-13 16:36:33,857 | DEBUG | Carregar Lista | Tentando carregar dados do arquivo: C:\Users\tutas\Documents\Projetos GitHUB\estudo-flask\listaprodutos\listaprodutos.json
2025-03-13 16:36:33,859 | INFO | Carregar Lista | Backup criado com sucesso: C:\Users\tutas\Documents\Projetos GitHUB\estudo-flask\listaprodutos\listaprodutos_backup.json
2025-03-13 16:36:34,234 | INFO | Config | Modo de execução: DEBUG
2025-03-13 16:36:34,234 | DEBUG | Carregar Lista | Tentando carregar dados do arquivo: C:\Users\tutas\Documents\Projetos GitHUB\estudo-flask\listaprodutos\listaprodutos.json
2025-03-13 16:36:34,236 | INFO | Carregar Lista | Backup criado com sucesso: C:\Users\tutas\Documents\Projetos GitHUB\estudo-flask\listaprodutos\listaprodutos_backup.json
2025-03-13 16:36:34,236 | DEBUG | Carregar Lista | Tentando carregar dados do arquivo: C:\Users\tutas\Documents\Projetos GitHUB\estudo-flask\listaprodutos\listaprodutos.json
2025-03-13 16:36:34,237 | INFO | Carregar Lista | Backup criado com sucesso: C:\Users\tutas\Documents\Projetos GitHUB\estudo-flask\listaprodutos\listaprodutos_backup.json
2025-03-13 16:38:20,686 | INFO | Config | Modo de execução: DEBUG
2025-03-13 16:38:20,687 | DEBUG | Carregar Lista | Tentando carregar dados do arquivo: C:\Users\tutas\Documents\Projetos GitHUB\estudo-flask\listaprodutos\listaprodutos.json
2025-03-13 16:38:20,689 | INFO | Carregar Lista | Backup criado com sucesso: C:\Users\tutas\Documents\Projetos GitHUB\estudo-flask\listaprodutos\listaprodutos_backup.json
2025-03-13 16:38:20,689 | DEBUG | Carregar Lista | Tentando carregar dados do arquivo: C:\Users\tutas\Documents\Projetos GitHUB\estudo-flask\listaprodutos\listaprodutos.json
2025-03-13 16:38:20,691 | INFO | Carregar Lista | Backup criado com sucesso: C:\Users\tutas\Documents\Projetos GitHUB\estudo-flask\listaprodutos\listaprodutos_backup.json
2025-03-13 17:22:35,316 | INFO | Config | Modo de execução: DEBUG
2025-03-13 17:22:35,317 | DEBUG | Carregar Lista | Tentando carregar dados do arquivo: C:\Users\tutas\Documents\Projetos GitHUB\estudo-flask\listaprodutos\listaprodutos.json
2025-03-13 17:22:35,320 | INFO | Carregar Lista | Backup criado com sucesso: C:\Users\tutas\Documents\Projetos GitHUB\estudo-flask\listaprodutos\listaprodutos_backup.json
2025-03-13 17:22:35,320 | DEBUG | Carregar Lista | Tentando carregar dados do arquivo: C:\Users\tutas\Documents\Projetos GitHUB\estudo-flask\listaprodutos\listaprodutos.json
2025-03-13 17:22:35,322 | INFO | Carregar Lista | Backup criado com sucesso: C:\Users\tutas\Documents\Projetos GitHUB\estudo-flask\listaprodutos\listaprodutos_backup.json
2025-03-13 17:22:36,299 | INFO | Config | Modo de execução: DEBUG
2025-03-13 17:22:36,300 | DEBUG | Carregar Lista | Tentando carregar dados do arquivo: C:\Users\tutas\Documents\Projetos GitHUB\estudo-flask\listaprodutos\listaprodutos.json
2025-03-13 17:22:36,302 | INFO | Carregar Lista | Backup criado com sucesso: C:\Users\tutas\Documents\Projetos GitHUB\estudo-flask\listaprodutos\listaprodutos_backup.json
2025-03-13 17:22:36,302 | DEBUG | Carregar Lista | Tentando carregar dados do arquivo: C:\Users\tutas\Documents\Projetos GitHUB\estudo-flask\listaprodutos\listaprodutos.json
2025-03-13 17:22:36,305 | INFO | Carregar Lista | Backup criado com sucesso: C:\Users\tutas\Documents\Projetos GitHUB\estudo-flask\listaprodutos\listaprodutos_backup.json
2025-03-13 17:22:44,127 | INFO | Config | Modo de execução: DEBUG
2025-03-13 17:22:44,128 | DEBUG | Carregar Lista | Tentando carregar dados do arquivo: C:\Users\tutas\Documents\Projetos GitHUB\estudo-flask\listaprodutos\listaprodutos.json
2025-03-13 17:22:44,132 | INFO | Carregar Lista | Backup criado com sucesso: C:\Users\tutas\Documents\Projetos GitHUB\estudo-flask\listaprodutos\listaprodutos_backup.json
2025-03-13 17:22:44,132 | DEBUG | Carregar Lista | Tentando carregar dados do arquivo: C:\Users\tutas\Documents\Projetos GitHUB\estudo-flask\listaprodutos\listaprodutos.json
2025-03-13 17:22:44,134 | INFO | Carregar Lista | Backup criado com sucesso: C:\Users\tutas\Documents\Projetos GitHUB\estudo-flask\listaprodutos\listaprodutos_backup.json
2025-03-13 17:22:45,088 | INFO | Config | Modo de execução: DEBUG
2025-03-13 17:22:45,089 | DEBUG | Carregar Lista | Tentando carregar dados do arquivo: C:\Users\tutas\Documents\Projetos GitHUB\estudo-flask\listaprodutos\listaprodutos.json
2025-03-13 17:22:45,091 | INFO | Carregar Lista | Backup criado com sucesso: C:\Users\tutas\Documents\Projetos GitHUB\estudo-flask\listaprodutos\listaprodutos_backup.json
2025-03-13 17:22:45,091 | DEBUG | Carregar Lista | Tentando carregar dados do arquivo: C:\Users\tutas\Documents\Projetos GitHUB\estudo-flask\listaprodutos\listaprodutos.json
2025-03-13 17:22:45,094 | INFO | Carregar Lista | Backup criado com sucesso: C:\Users\tutas\Documents\Projetos GitHUB\estudo-flask\listaprodutos\listaprodutos_backup.json
2025-03-13 17:22:54,961 | INFO | Config | Modo de execução: DEBUG
2025-03-13 17:22:54,962 | DEBUG | Carregar Lista | Tentando carregar dados do arquivo: C:\Users\tutas\Documents\Projetos GitHUB\estudo-flask\listaprodutos\listaprodutos.json
2025-03-13 17:22:54,967 | INFO | Carregar Lista | Backup criado com sucesso: C:\Users\tutas\Documents\Projetos GitHUB\estudo-flask\listaprodutos\listaprodutos_backup.json
2025-03-13 17:22:54,967 | DEBUG | Carregar Lista | Tentando carregar dados do arquivo: C:\Users\tutas\Documents\Projetos GitHUB\estudo-flask\listaprodutos\listaprodutos.json
2025-03-13 17:22:54,969 | INFO | Carregar Lista | Backup criado com sucesso: C:\Users\tutas\Documents\Projetos GitHUB\estudo-flask\listaprodutos\listaprodutos_backup.json
2025-03-13 17:22:55,932 | INFO | Config | Modo de execução: DEBUG
2025-03-13 17:22:55,934 | DEBUG | Carregar Lista | Tentando carregar dados do arquivo: C:\Users\tutas\Documents\Projetos GitHUB\estudo-flask\listaprodutos\listaprodutos.json
2025-03-13 17:22:55,937 | INFO | Carregar Lista | Backup criado com sucesso: C:\Users\tutas\Documents\Projetos GitHUB\estudo-flask\listaprodutos\listaprodutos_backup.json
2025-03-13 17:22:55,937 | DEBUG | Carregar Lista | Tentando carregar dados do arquivo: C:\Users\tutas\Documents\Projetos GitHUB\estudo-flask\listaprodutos\listaprodutos.json
2025-03-13 17:22:55,939 | INFO | Carregar Lista | Backup criado com sucesso: C:\Users\tutas\Documents\Projetos GitHUB\estudo-flask\listaprodutos\listaprodutos_backup.json
2025-03-13 17:24:11,703 | INFO | Config | Modo de execução: DEBUG
2025-03-13 17:24:11,703 | DEBUG | Carregar Lista | Tentando carregar dados do arquivo: C:\Users\tutas\Documents\Projetos GitHUB\estudo-flask\listaprodutos\listaprodutos.json
2025-03-13 17:24:11,707 | INFO | Carregar Lista | Backup criado com sucesso: C:\Users\tutas\Documents\Projetos GitHUB\estudo-flask\listaprodutos\listaprodutos_backup.json
2025-03-13 17:24:11,707 | DEBUG | Carregar Lista | Tentando carregar dados do arquivo: C:\Users\tutas\Documents\Projetos GitHUB\estudo-flask\listaprodutos\listaprodutos.json
2025-03-13 17:24:11,709 | INFO | Carregar Lista | Backup criado com sucesso: C:\Users\tutas\Documents\Projetos GitHUB\estudo-flask\listaprodutos\listaprodutos_backup.json
2025-03-13 17:24:12,703 | INFO | Config | Modo de execução: DEBUG
2025-03-13 17:24:12,704 | DEBUG | Carregar Lista | Tentando carregar dados do arquivo: C:\Users\tutas\Documents\Projetos GitHUB\estudo-flask\listaprodutos\listaprodutos.json
2025-03-13 17:24:12,707 | INFO | Carregar Lista | Backup criado com sucesso: C:\Users\tutas\Documents\Projetos GitHUB\estudo-flask\listaprodutos\listaprodutos_backup.json
2025-03-13 17:24:12,707 | DEBUG | Carregar Lista | Tentando carregar dados do arquivo: C:\Users\tutas\Documents\Projetos GitHUB\estudo-flask\listaprodutos\listaprodutos.json
2025-03-13 17:24:12,708 | INFO | Carregar Lista | Backup criado com sucesso: C:\Users\tutas\Documents\Projetos GitHUB\estudo-flask\listaprodutos\listaprodutos_backup.json
2025-03-13 17:26:56,696 | INFO | Config | Modo de execução: DEBUG
2025-03-13 17:26:56,699 | DEBUG | Carregar Lista | Tentando carregar dados do arquivo: C:\Users\tutas\Documents\Projetos GitHUB\estudo-flask\listaprodutos\listaprodutos.json
2025-03-13 17:26:56,703 | INFO | Carregar Lista | Backup criado com sucesso: C:\Users\tutas\Documents\Projetos GitHUB\estudo-flask\listaprodutos\listaprodutos_backup.json
2025-03-13 17:26:56,703 | DEBUG | Carregar Lista | Tentando carregar dados do arquivo: C:\Users\tutas\Documents\Projetos GitHUB\estudo-flask\listaprodutos\listaprodutos.json
2025-03-13 17:26:56,705 | INFO | Carregar Lista | Backup criado com sucesso: C:\Users\tutas\Documents\Projetos GitHUB\estudo-flask\listaprodutos\listaprodutos_backup.json
2025-03-13 17:27:26,597 | INFO | Config | Modo de execução: DEBUG
2025-03-13 17:27:26,599 | DEBUG | Carregar Lista | Tentando carregar dados do arquivo: C:\Users\tutas\Documents\Projetos GitHUB\estudo-flask\listaprodutos\listaprodutos.json
2025-03-13 17:27:26,603 | INFO | Carregar Lista | Backup criado com sucesso: C:\Users\tutas\Documents\Projetos GitHUB\estudo-flask\listaprodutos\listaprodutos_backup.json
2025-03-13 17:27:26,603 | DEBUG | Carregar Lista | Tentando carregar dados do arquivo: C:\Users\tutas\Documents\Projetos GitHUB\estudo-flask\listaprodutos\listaprodutos.json
2025-03-13 17:27:26,604 | INFO | Carregar Lista | Backup criado com sucesso: C:\Users\tutas\Documents\Projetos GitHUB\estudo-flask\listaprodutos\listaprodutos_backup.json
2025-03-14 13:50:49,323 | INFO | Config | Modo de execução: DEBUG
2025-03-14 13:50:49,388 | DEBUG | Carregar Lista | Tentando carregar dados do arquivo: C:\Users\tutas\Documents\Projetos GitHUB\estudo-flask\listaprodutos\listaprodutos.json
2025-03-14 13:50:49,394 | INFO | Carregar Lista | Backup criado com sucesso: C:\Users\tutas\Documents\Projetos GitHUB\estudo-flask\listaprodutos\listaprodutos_backup.json
2025-03-14 13:50:49,394 | DEBUG | Carregar Lista | Tentando carregar dados do arquivo: C:\Users\tutas\Documents\Projetos GitHUB\estudo-flask\listaprodutos\listaprodutos.json
2025-03-14 13:50:49,396 | INFO | Carregar Lista | Backup criado com sucesso: C:\Users\tutas\Documents\Projetos GitHUB\estudo-flask\listaprodutos\listaprodutos_backup.json
2025-03-14 13:51:14,759 | INFO | Config | Modo de execução: DEBUG
2025-03-14 13:51:14,761 | DEBUG | Carregar Lista | Tentando carregar dados do arquivo: C:\Users\tutas\Documents\Projetos GitHUB\estudo-flask\listaprodutos\listaprodutos.json
2025-03-14 13:51:14,765 | INFO | Carregar Lista | Backup criado com sucesso: C:\Users\tutas\Documents\Projetos GitHUB\estudo-flask\listaprodutos\listaprodutos_backup.json
2025-03-14 13:51:14,765 | DEBUG | Carregar Lista | Tentando carregar dados do arquivo: C:\Users\tutas\Documents\Projetos GitHUB\estudo-flask\listaprodutos\listaprodutos.json
2025-03-14 13:51:14,767 | INFO | Carregar Lista | Backup criado com sucesso: C:\Users\tutas\Documents\Projetos GitHUB\estudo-flask\listaprodutos\listaprodutos_backup.json
2025-03-14 13:51:15,690 | INFO | Config | Modo de execução: DEBUG
2025-03-14 13:51:15,693 | DEBUG | Carregar Lista | Tentando carregar dados do arquivo: C:\Users\tutas\Documents\Projetos GitHUB\estudo-flask\listaprodutos\listaprodutos.json
2025-03-14 13:51:15,693 | INFO | Carregar Lista | Backup criado com sucesso: C:\Users\tutas\Documents\Projetos GitHUB\estudo-flask\listaprodutos\listaprodutos_backup.json
2025-03-14 13:51:15,693 | DEBUG | Carregar Lista | Tentando carregar dados do arquivo: C:\Users\tutas\Documents\Projetos GitHUB\estudo-flask\listaprodutos\listaprodutos.json
2025-03-14 13:51:15,698 | INFO | Carregar Lista | Backup criado com sucesso: C:\Users\tutas\Documents\Projetos GitHUB\estudo-flask\listaprodutos\listaprodutos_backup.json
2025-03-14 13:54:22,773 | INFO | Config | Modo de execução: DEBUG
2025-03-14 13:54:22,775 | DEBUG | Carregar Lista | Tentando carregar dados do arquivo: C:\Users\tutas\Documents\Projetos GitHUB\estudo-flask\listaprodutos\listaprodutos.json
2025-03-14 13:54:22,777 | INFO | Carregar Lista | Backup criado com sucesso: C:\Users\tutas\Documents\Projetos GitHUB\estudo-flask\listaprodutos\listaprodutos_backup.json
2025-03-14 13:54:22,777 | DEBUG | Carregar Lista | Tentando carregar dados do arquivo: C:\Users\tutas\Documents\Projetos GitHUB\estudo-flask\listaprodutos\listaprodutos.json
2025-03-14 13:54:22,780 | INFO | Carregar Lista | Backup criado com sucesso: C:\Users\tutas\Documents\Projetos GitHUB\estudo-flask\listaprodutos\listaprodutos_backup.json
2025-03-14 13:54:47,924 | INFO | Config | Modo de execução: DEBUG
2025-03-14 13:54:47,925 | DEBUG | Carregar Lista | Tentando carregar dados do arquivo: C:\Users\tutas\Documents\Projetos GitHUB\estudo-flask\listaprodutos\listaprodutos.json
2025-03-14 13:54:47,928 | INFO | Carregar Lista | Backup criado com sucesso: C:\Users\tutas\Documents\Projetos GitHUB\estudo-flask\listaprodutos\listaprodutos_backup.json
2025-03-14 13:54:47,928 | DEBUG | Carregar Lista | Tentando carregar dados do arquivo: C:\Users\tutas\Documents\Projetos GitHUB\estudo-flask\listaprodutos\listaprodutos.json
2025-03-14 13:54:47,931 | INFO | Carregar Lista | Backup criado com sucesso: C:\Users\tutas\Documents\Projetos GitHUB\estudo-flask\listaprodutos\listaprodutos_backup.json
2025-03-14 14:00:00,494 | INFO | Config | Modo de execução: DEBUG
2025-03-14 14:00:00,495 | DEBUG | Carregar Lista | Tentando carregar dados do arquivo: C:\Users\tutas\Documents\Projetos GitHUB\estudo-flask\listaprodutos\listaprodutos.json
2025-03-14 14:00:00,499 | INFO | Carregar Lista | Backup criado com sucesso: C:\Users\tutas\Documents\Projetos GitHUB\estudo-flask\listaprodutos\listaprodutos_backup.json
2025-03-14 14:00:00,499 | DEBUG | Carregar Lista | Tentando carregar dados do arquivo: C:\Users\tutas\Documents\Projetos GitHUB\estudo-flask\listaprodutos\listaprodutos.json
2025-03-14 14:00:00,501 | INFO | Carregar Lista | Backup criado com sucesso: C:\Users\tutas\Documents\Projetos GitHUB\estudo-flask\listaprodutos\listaprodutos_backup.json
2025-03-14 14:00:09,972 | INFO | Config | Modo de execução: DEBUG
2025-03-14 14:00:09,974 | DEBUG | Carregar Lista | Tentando carregar dados do arquivo: C:\Users\tutas\Documents\Projetos GitHUB\estudo-flask\listaprodutos\listaprodutos.json
2025-03-14 14:00:09,979 | INFO | Carregar Lista | Backup criado com sucesso: C:\Users\tutas\Documents\Projetos GitHUB\estudo-flask\listaprodutos\listaprodutos_backup.json
2025-03-14 14:00:09,979 | DEBUG | Carregar Lista | Tentando carregar dados do arquivo: C:\Users\tutas\Documents\Projetos GitHUB\estudo-flask\listaprodutos\listaprodutos.json
2025-03-14 14:00:09,983 | INFO | Carregar Lista | Backup criado com sucesso: C:\Users\tutas\Documents\Projetos GitHUB\estudo-flask\listaprodutos\listaprodutos_backup.json
2025-03-14 14:00:15,293 | INFO | Config | Modo de execução: DEBUG
2025-03-14 14:00:15,302 | DEBUG | Carregar Lista | Tentando carregar dados do arquivo: C:\Users\tutas\Documents\Projetos GitHUB\estudo-flask\listaprodutos\listaprodutos.json
2025-03-14 14:00:15,302 | INFO | Carregar Lista | Backup criado com sucesso: C:\Users\tutas\Documents\Projetos GitHUB\estudo-flask\listaprodutos\listaprodutos_backup.json
2025-03-14 14:00:15,302 | DEBUG | Carregar Lista | Tentando carregar dados do arquivo: C:\Users\tutas\Documents\Projetos GitHUB\estudo-flask\listaprodutos\listaprodutos.json
2025-03-14 14:00:15,309 | INFO | Carregar Lista | Backup criado com sucesso: C:\Users\tutas\Documents\Projetos GitHUB\estudo-flask\listaprodutos\listaprodutos_backup.json
2025-03-14 14:00:20,483 | INFO | Config | Modo de execução: DEBUG
2025-03-14 14:00:20,483 | DEBUG | Carregar Lista | Tentando carregar dados do arquivo: C:\Users\tutas\Documents\Projetos GitHUB\estudo-flask\listaprodutos\listaprodutos.json
2025-03-14 14:00:20,486 | INFO | Carregar Lista | Backup criado com sucesso: C:\Users\tutas\Documents\Projetos GitHUB\estudo-flask\listaprodutos\listaprodutos_backup.json
2025-03-14 14:02:48,387 | INFO | produto_routes | Requisição GET para listar produtos.
2025-03-14 14:02:48,387 | DEBUG | Carregar Lista | Tentando carregar dados do arquivo: C:\Users\tutas\Documents\Projetos GitHUB\estudo-flask\listaprodutos\listaprodutos.json
2025-03-14 14:02:48,392 | INFO | Carregar Lista | Backup criado com sucesso: C:\Users\tutas\Documents\Projetos GitHUB\estudo-flask\listaprodutos\listaprodutos_backup.json
2025-03-14 15:13:11,027 | INFO | Config | Modo de execução: DEBUG
2025-03-14 15:13:11,087 | DEBUG | Carregar Lista | Tentando carregar dados do arquivo: C:\Users\tutas\Documents\Projetos GitHUB\estudo-flask\listaprodutos\listaprodutos.json
2025-03-14 15:13:11,090 | INFO | Carregar Lista | Backup criado com sucesso: C:\Users\tutas\Documents\Projetos GitHUB\estudo-flask\listaprodutos\listaprodutos_backup.json
2025-03-14 15:13:11,091 | DEBUG | Carregar Lista | Tentando carregar dados do arquivo: C:\Users\tutas\Documents\Projetos GitHUB\estudo-flask\listaprodutos\listaprodutos.json
2025-03-14 15:13:11,093 | INFO | Carregar Lista | Backup criado com sucesso: C:\Users\tutas\Documents\Projetos GitHUB\estudo-flask\listaprodutos\listaprodutos_backup.json
2025-03-14 15:13:49,779 | INFO | Config | Modo de execução: DEBUG
2025-03-14 15:13:49,781 | DEBUG | Carregar Lista | Tentando carregar dados do arquivo: C:\Users\tutas\Documents\Projetos GitHUB\estudo-flask\listaprodutos\listaprodutos.json
2025-03-14 15:13:49,785 | INFO | Carregar Lista | Backup criado com sucesso: C:\Users\tutas\Documents\Projetos GitHUB\estudo-flask\listaprodutos\listaprodutos_backup.json
2025-03-14 15:13:49,785 | DEBUG | Carregar Lista | Tentando carregar dados do arquivo: C:\Users\tutas\Documents\Projetos GitHUB\estudo-flask\listaprodutos\listaprodutos.json
2025-03-14 15:13:49,788 | INFO | Carregar Lista | Backup criado com sucesso: C:\Users\tutas\Documents\Projetos GitHUB\estudo-flask\listaprodutos\listaprodutos_backup.json
2025-03-14 15:13:50,657 | INFO | Config | Modo de execução: DEBUG
2025-03-14 15:13:50,658 | DEBUG | Carregar Lista | Tentando carregar dados do arquivo: C:\Users\tutas\Documents\Projetos GitHUB\estudo-flask\listaprodutos\listaprodutos.json
2025-03-14 15:13:50,703 | INFO | Carregar Lista | Backup criado com sucesso: C:\Users\tutas\Documents\Projetos GitHUB\estudo-flask\listaprodutos\listaprodutos_backup.json
2025-03-14 15:13:50,703 | DEBUG | Carregar Lista | Tentando carregar dados do arquivo: C:\Users\tutas\Documents\Projetos GitHUB\estudo-flask\listaprodutos\listaprodutos.json
2025-03-14 15:13:50,706 | INFO | Carregar Lista | Backup criado com sucesso: C:\Users\tutas\Documents\Projetos GitHUB\estudo-flask\listaprodutos\listaprodutos_backup.json
2025-03-14 15:14:56,666 | INFO | Config | Modo de execução: DEBUG
2025-03-14 15:14:56,667 | DEBUG | Carregar Lista | Tentando carregar dados do arquivo: C:\Users\tutas\Documents\Projetos GitHUB\estudo-flask\listaprodutos\listaprodutos.json
2025-03-14 15:14:56,672 | INFO | Carregar Lista | Backup criado com sucesso: C:\Users\tutas\Documents\Projetos GitHUB\estudo-flask\listaprodutos\listaprodutos_backup.json
2025-03-14 15:14:56,673 | DEBUG | Carregar Lista | Tentando carregar dados do arquivo: C:\Users\tutas\Documents\Projetos GitHUB\estudo-flask\listaprodutos\listaprodutos.json
2025-03-14 15:14:56,675 | INFO | Carregar Lista | Backup criado com sucesso: C:\Users\tutas\Documents\Projetos GitHUB\estudo-flask\listaprodutos\listaprodutos_backup.json
2025-03-14 15:17:11,857 | INFO | Config | Modo de execução: DEBUG
2025-03-14 15:17:11,858 | DEBUG | Carregar Lista | Tentando carregar dados do arquivo: C:\Users\tutas\Documents\Projetos GitHUB\estudo-flask\listaprodutos\listaprodutos.json
2025-03-14 15:17:11,861 | INFO | Carregar Lista | Backup criado com sucesso: C:\Users\tutas\Documents\Projetos GitHUB\estudo-flask\listaprodutos\listaprodutos_backup.json
2025-03-14 15:17:12,743 | INFO | Config | Modo de execução: DEBUG
2025-03-14 15:17:12,744 | DEBUG | Carregar Lista | Tentando carregar dados do arquivo: C:\Users\tutas\Documents\Projetos GitHUB\estudo-flask\listaprodutos\listaprodutos.json
2025-03-14 15:17:12,746 | INFO | Carregar Lista | Backup criado com sucesso: C:\Users\tutas\Documents\Projetos GitHUB\estudo-flask\listaprodutos\listaprodutos_backup.json
2025-03-14 15:17:22,753 | INFO | produto_routes | Requisição GET para listar produtos.
2025-03-14 15:17:22,754 | DEBUG | Carregar Lista | Tentando carregar dados do arquivo: C:\Users\tutas\Documents\Projetos GitHUB\estudo-flask\listaprodutos\listaprodutos.json
2025-03-14 15:17:22,758 | INFO | Carregar Lista | Backup criado com sucesso: C:\Users\tutas\Documents\Projetos GitHUB\estudo-flask\listaprodutos\listaprodutos_backup.json
2025-03-14 15:18:27,460 | DEBUG | produto_routes | Recebendo dados para novo produto: {'nome': 'Gigante Cabo', 'preco': 3.0}
2025-03-14 15:18:27,460 | INFO | Produto | Produto convertido para dicionario, Gigante Cabo | 3.0
2025-03-14 15:18:27,466 | INFO | Guardar Lista | Backup do JSON criado: C:\Users\tutas\Documents\Projetos GitHUB\estudo-flask\listaprodutos\listaprodutos_backup.json
2025-03-14 15:18:27,468 | INFO | Guardar Lista | Lista guardada com sucesso! Total de produtos: 6
2025-03-14 15:18:27,468 | INFO | ProdutoManager | Produto adicionado com sucesso: Gigante Cabo
2025-03-14 15:18:27,468 | INFO | produto_routes | Produto adicionado com sucesso: Gigante Cabo
2025-03-14 15:21:09,857 | INFO | Config | Modo de execução: DEBUG
2025-03-14 15:21:09,858 | DEBUG | Carregar Lista | Tentando carregar dados do arquivo: C:\Users\tutas\Documents\Projetos GitHUB\estudo-flask\listaprodutos\listaprodutos.json
2025-03-14 15:21:09,862 | INFO | Carregar Lista | Backup criado com sucesso: C:\Users\tutas\Documents\Projetos GitHUB\estudo-flask\listaprodutos\listaprodutos_backup.json
2025-03-14 15:27:42,394 | INFO | Config | Modo de execução: DEBUG
2025-03-14 15:27:42,394 | DEBUG | Carregar Lista | Tentando carregar dados do arquivo: C:\Users\tutas\Documents\Projetos GitHUB\estudo-flask\listaprodutos\listaprodutos.json
2025-03-14 15:27:42,396 | INFO | Carregar Lista | Backup criado com sucesso: C:\Users\tutas\Documents\Projetos GitHUB\estudo-flask\listaprodutos\listaprodutos_backup.json
2025-03-14 15:27:42,400 | DEBUG | Carregar Lista | Tentando carregar dados do arquivo: C:\Users\tutas\Documents\Projetos GitHUB\estudo-flask\listaprodutos\listaprodutos.json
2025-03-14 15:27:42,402 | INFO | Carregar Lista | Backup criado com sucesso: C:\Users\tutas\Documents\Projetos GitHUB\estudo-flask\listaprodutos\listaprodutos_backup.json
2025-03-14 15:27:42,402 | DEBUG | Carregar Lista | Tentando carregar dados do arquivo: C:\Users\tutas\Documents\Projetos GitHUB\estudo-flask\listaprodutos\listaprodutos.json
2025-03-14 15:27:42,403 | INFO | Carregar Lista | Backup criado com sucesso: C:\Users\tutas\Documents\Projetos GitHUB\estudo-flask\listaprodutos\listaprodutos_backup.json
2025-03-14 15:27:42,773 | INFO | Config | Modo de execução: DEBUG
2025-03-14 15:27:42,773 | DEBUG | Carregar Lista | Tentando carregar dados do arquivo: C:\Users\tutas\Documents\Projetos GitHUB\estudo-flask\listaprodutos\listaprodutos.json
2025-03-14 15:27:42,774 | INFO | Carregar Lista | Backup criado com sucesso: C:\Users\tutas\Documents\Projetos GitHUB\estudo-flask\listaprodutos\listaprodutos_backup.json
2025-03-14 15:27:42,775 | DEBUG | Carregar Lista | Tentando carregar dados do arquivo: C:\Users\tutas\Documents\Projetos GitHUB\estudo-flask\listaprodutos\listaprodutos.json
2025-03-14 15:27:42,778 | INFO | Carregar Lista | Backup criado com sucesso: C:\Users\tutas\Documents\Projetos GitHUB\estudo-flask\listaprodutos\listaprodutos_backup.json
2025-03-14 15:27:42,778 | DEBUG | Carregar Lista | Tentando carregar dados do arquivo: C:\Users\tutas\Documents\Projetos GitHUB\estudo-flask\listaprodutos\listaprodutos.json
2025-03-14 15:27:42,779 | INFO | Carregar Lista | Backup criado com sucesso: C:\Users\tutas\Documents\Projetos GitHUB\estudo-flask\listaprodutos\listaprodutos_backup.json
2025-03-14 15:29:22,049 | INFO | Config | Modo de execução: DEBUG
2025-03-14 15:29:22,050 | DEBUG | Carregar Lista | Tentando carregar dados do arquivo: C:\Users\tutas\Documents\Projetos GitHUB\estudo-flask\listaprodutos\listaprodutos.json
2025-03-14 15:29:22,052 | INFO | Carregar Lista | Backup criado com sucesso: C:\Users\tutas\Documents\Projetos GitHUB\estudo-flask\listaprodutos\listaprodutos_backup.json
2025-03-14 15:29:22,055 | DEBUG | Carregar Lista | Tentando carregar dados do arquivo: C:\Users\tutas\Documents\Projetos GitHUB\estudo-flask\listaprodutos\listaprodutos.json
2025-03-14 15:29:22,057 | INFO | Carregar Lista | Backup criado com sucesso: C:\Users\tutas\Documents\Projetos GitHUB\estudo-flask\listaprodutos\listaprodutos_backup.json
2025-03-14 15:29:22,057 | DEBUG | Carregar Lista | Tentando carregar dados do arquivo: C:\Users\tutas\Documents\Projetos GitHUB\estudo-flask\listaprodutos\listaprodutos.json
2025-03-14 15:29:22,058 | INFO | Carregar Lista | Backup criado com sucesso: C:\Users\tutas\Documents\Projetos GitHUB\estudo-flask\listaprodutos\listaprodutos_backup.json
2025-03-14 15:29:27,630 | INFO | Config | Modo de execução: DEBUG
2025-03-14 15:29:27,630 | DEBUG | Carregar Lista | Tentando carregar dados do arquivo: C:\Users\tutas\Documents\Projetos GitHUB\estudo-flask\listaprodutos\listaprodutos.json
2025-03-14 15:29:27,633 | INFO | Carregar Lista | Backup criado com sucesso: C:\Users\tutas\Documents\Projetos GitHUB\estudo-flask\listaprodutos\listaprodutos_backup.json
2025-03-14 15:29:27,638 | DEBUG | Carregar Lista | Tentando carregar dados do arquivo: C:\Users\tutas\Documents\Projetos GitHUB\estudo-flask\listaprodutos\listaprodutos.json
2025-03-14 15:29:27,639 | INFO | Carregar Lista | Backup criado com sucesso: C:\Users\tutas\Documents\Projetos GitHUB\estudo-flask\listaprodutos\listaprodutos_backup.json
2025-03-14 15:29:27,639 | DEBUG | Carregar Lista | Tentando carregar dados do arquivo: C:\Users\tutas\Documents\Projetos GitHUB\estudo-flask\listaprodutos\listaprodutos.json
2025-03-14 15:29:27,640 | INFO | Carregar Lista | Backup criado com sucesso: C:\Users\tutas\Documents\Projetos GitHUB\estudo-flask\listaprodutos\listaprodutos_backup.json
